  main.cpp
C:\programs\c\particle life 2\integrator.hpp(37,21): warning C4018: '<': signed/unsigned mismatch
  (compiling source file 'main.cpp')
  
C:\programs\c\particle life 2\integrator.hpp(46,21): warning C4018: '<': signed/unsigned mismatch
  (compiling source file 'main.cpp')
  
C:\programs\c\particle life 2\integrator.hpp(140,22): warning C4244: 'return': conversion from 'double' to 'float', possible loss of data
  (compiling source file 'main.cpp')
  
C:\programs\c\particle life 2\random.hpp(27,22): warning C4244: 'return': conversion from 'double' to 'int', possible loss of data
  (compiling source file 'main.cpp')
  
C:\programs\c\particle life 2\forcegetter.hpp(40,29): warning C4244: '=': conversion from 'double' to '_Ty', possible loss of data
C:\programs\c\particle life 2\forcegetter.hpp(40,29): warning C4244:         with
C:\programs\c\particle life 2\forcegetter.hpp(40,29): warning C4244:         [
C:\programs\c\particle life 2\forcegetter.hpp(40,29): warning C4244:             _Ty=float
C:\programs\c\particle life 2\forcegetter.hpp(40,29): warning C4244:         ]
  (compiling source file 'main.cpp')
  
C:\programs\c\particle life 2\forcegetter.hpp(41,29): warning C4244: '=': conversion from 'double' to '_Ty', possible loss of data
C:\programs\c\particle life 2\forcegetter.hpp(41,29): warning C4244:         with
C:\programs\c\particle life 2\forcegetter.hpp(41,29): warning C4244:         [
C:\programs\c\particle life 2\forcegetter.hpp(41,29): warning C4244:             _Ty=float
C:\programs\c\particle life 2\forcegetter.hpp(41,29): warning C4244:         ]
  (compiling source file 'main.cpp')
  
C:\programs\c\particle life 2\forcegetter.hpp(49,45): warning C4244: '=': conversion from 'double' to 'float', possible loss of data
  (compiling source file 'main.cpp')
  
C:\programs\c\particle life 2\render.hpp(62,44): warning C4244: 'argument': conversion from 'int' to 'T', possible loss of data
C:\programs\c\particle life 2\render.hpp(62,44): warning C4244:         with
C:\programs\c\particle life 2\render.hpp(62,44): warning C4244:         [
C:\programs\c\particle life 2\render.hpp(62,44): warning C4244:             T=float
C:\programs\c\particle life 2\render.hpp(62,44): warning C4244:         ]
  (compiling source file 'main.cpp')
  
C:\programs\c\particle life 2\render.hpp(62,40): warning C4244: 'argument': conversion from 'int' to 'T', possible loss of data
C:\programs\c\particle life 2\render.hpp(62,40): warning C4244:         with
C:\programs\c\particle life 2\render.hpp(62,40): warning C4244:         [
C:\programs\c\particle life 2\render.hpp(62,40): warning C4244:             T=float
C:\programs\c\particle life 2\render.hpp(62,40): warning C4244:         ]
  (compiling source file 'main.cpp')
  
C:\programs\c\particle life 2\render.hpp(63,44): warning C4244: 'argument': conversion from 'int' to 'T', possible loss of data
C:\programs\c\particle life 2\render.hpp(63,44): warning C4244:         with
C:\programs\c\particle life 2\render.hpp(63,44): warning C4244:         [
C:\programs\c\particle life 2\render.hpp(63,44): warning C4244:             T=float
C:\programs\c\particle life 2\render.hpp(63,44): warning C4244:         ]
  (compiling source file 'main.cpp')
  
C:\programs\c\particle life 2\render.hpp(63,40): warning C4244: 'argument': conversion from 'int' to 'T', possible loss of data
C:\programs\c\particle life 2\render.hpp(63,40): warning C4244:         with
C:\programs\c\particle life 2\render.hpp(63,40): warning C4244:         [
C:\programs\c\particle life 2\render.hpp(63,40): warning C4244:             T=float
C:\programs\c\particle life 2\render.hpp(63,40): warning C4244:         ]
  (compiling source file 'main.cpp')
  
C:\programs\c\particle life 2\render.hpp(180,57): warning C4244: '*=': conversion from 'float' to 'sf::Uint8', possible loss of data
  (compiling source file 'main.cpp')
  
C:\programs\c\particle life 2\render.hpp(213,25): warning C4244: '*=': conversion from 'float' to 'sf::Uint8', possible loss of data
  (compiling source file 'main.cpp')
  
C:\programs\c\particle life 2\render.hpp(322,21): warning C4018: '<': signed/unsigned mismatch
  (compiling source file 'main.cpp')
  
C:\programs\c\particle life 2\simulator.hpp(43,22): warning C4244: 'initializing': conversion from 'double' to 'size_t', possible loss of data
  (compiling source file 'main.cpp')
  
C:\programs\c\particle life 2\simulator.hpp(73,21): warning C4018: '<': signed/unsigned mismatch
  (compiling source file 'main.cpp')
  
C:\programs\c\particle life 2\simulator.hpp(78,33): warning C4244: 'argument': conversion from 'double' to 'float', possible loss of data
  (compiling source file 'main.cpp')
  
C:\programs\c\particle life 2\simulator.hpp(79,37): warning C4244: 'argument': conversion from 'double' to 'float', possible loss of data
  (compiling source file 'main.cpp')
  
C:\programs\c\particle life 2\simulator.hpp(128,21): warning C4018: '<': signed/unsigned mismatch
  (compiling source file 'main.cpp')
  
C:\programs\c\particle life 2\simulator.hpp(130,26): warning C4018: '<': signed/unsigned mismatch
  (compiling source file 'main.cpp')
  
C:\programs\c\particle life 2\simulator.hpp(143,29): warning C4244: 'argument': conversion from 'double' to 'float', possible loss of data
  (compiling source file 'main.cpp')
  
C:\programs\c\particle life 2\simulator.hpp(147,29): warning C4244: 'argument': conversion from 'double' to 'float', possible loss of data
  (compiling source file 'main.cpp')
  
C:\programs\c\particle life 2\simulator.hpp(151,26): warning C4244: 'argument': conversion from 'double' to 'float', possible loss of data
  (compiling source file 'main.cpp')
  
C:\programs\c\particle life 2\simulator.hpp(155,26): warning C4244: 'argument': conversion from 'double' to 'float', possible loss of data
  (compiling source file 'main.cpp')
  
C:\programs\c\particle life 2\simulator.hpp(171,21): warning C4018: '<': signed/unsigned mismatch
  (compiling source file 'main.cpp')
  
C:\programs\c\particle life 2\simulator.hpp(208,21): warning C4018: '<': signed/unsigned mismatch
  (compiling source file 'main.cpp')
  
C:\programs\c\particle life 2\main.cpp(38,35): warning C4244: 'argument': conversion from 'double' to 'float', possible loss of data
C:\programs\c\particle life 2\main.cpp(39,25): warning C4244: '=': conversion from 'double' to 'float', possible loss of data
C:\programs\c\particle life 2\integrator.hpp(137,1): warning C4715: 'Integrator::qTree::getPosVector': not all control paths return a value
sfml-graphics-s-d.lib(Transformable.cpp.obj) : warning LNK4099: PDB '' was not found with 'sfml-graphics-s-d.lib(Transformable.cpp.obj)' or at ''; linking object as if no debug info
sfml-graphics-s-d.lib(Color.cpp.obj) : warning LNK4099: PDB '' was not found with 'sfml-graphics-s-d.lib(Color.cpp.obj)' or at ''; linking object as if no debug info
sfml-graphics-s-d.lib(Vertex.cpp.obj) : warning LNK4099: PDB '' was not found with 'sfml-graphics-s-d.lib(Vertex.cpp.obj)' or at ''; linking object as if no debug info
sfml-graphics-s-d.lib(VertexArray.cpp.obj) : warning LNK4099: PDB '' was not found with 'sfml-graphics-s-d.lib(VertexArray.cpp.obj)' or at ''; linking object as if no debug info
sfml-graphics-s-d.lib(Shape.cpp.obj) : warning LNK4099: PDB '' was not found with 'sfml-graphics-s-d.lib(Shape.cpp.obj)' or at ''; linking object as if no debug info
sfml-graphics-s-d.lib(CircleShape.cpp.obj) : warning LNK4099: PDB '' was not found with 'sfml-graphics-s-d.lib(CircleShape.cpp.obj)' or at ''; linking object as if no debug info
sfml-graphics-s-d.lib(RectangleShape.cpp.obj) : warning LNK4099: PDB '' was not found with 'sfml-graphics-s-d.lib(RectangleShape.cpp.obj)' or at ''; linking object as if no debug info
sfml-graphics-s-d.lib(View.cpp.obj) : warning LNK4099: PDB '' was not found with 'sfml-graphics-s-d.lib(View.cpp.obj)' or at ''; linking object as if no debug info
sfml-graphics-s-d.lib(RenderTarget.cpp.obj) : warning LNK4099: PDB '' was not found with 'sfml-graphics-s-d.lib(RenderTarget.cpp.obj)' or at ''; linking object as if no debug info
sfml-graphics-s-d.lib(RenderWindow.cpp.obj) : warning LNK4099: PDB '' was not found with 'sfml-graphics-s-d.lib(RenderWindow.cpp.obj)' or at ''; linking object as if no debug info
sfml-graphics-s-d.lib(RenderStates.cpp.obj) : warning LNK4099: PDB '' was not found with 'sfml-graphics-s-d.lib(RenderStates.cpp.obj)' or at ''; linking object as if no debug info
sfml-graphics-s-d.lib(Transform.cpp.obj) : warning LNK4099: PDB '' was not found with 'sfml-graphics-s-d.lib(Transform.cpp.obj)' or at ''; linking object as if no debug info
sfml-graphics-s-d.lib(Texture.cpp.obj) : warning LNK4099: PDB '' was not found with 'sfml-graphics-s-d.lib(Texture.cpp.obj)' or at ''; linking object as if no debug info
sfml-graphics-s-d.lib(BlendMode.cpp.obj) : warning LNK4099: PDB '' was not found with 'sfml-graphics-s-d.lib(BlendMode.cpp.obj)' or at ''; linking object as if no debug info
sfml-graphics-s-d.lib(Shader.cpp.obj) : warning LNK4099: PDB '' was not found with 'sfml-graphics-s-d.lib(Shader.cpp.obj)' or at ''; linking object as if no debug info
sfml-graphics-s-d.lib(VertexBuffer.cpp.obj) : warning LNK4099: PDB '' was not found with 'sfml-graphics-s-d.lib(VertexBuffer.cpp.obj)' or at ''; linking object as if no debug info
sfml-graphics-s-d.lib(GLExtensions.cpp.obj) : warning LNK4099: PDB '' was not found with 'sfml-graphics-s-d.lib(GLExtensions.cpp.obj)' or at ''; linking object as if no debug info
sfml-graphics-s-d.lib(GLCheck.cpp.obj) : warning LNK4099: PDB '' was not found with 'sfml-graphics-s-d.lib(GLCheck.cpp.obj)' or at ''; linking object as if no debug info
sfml-graphics-s-d.lib(GLLoader.cpp.obj) : warning LNK4099: PDB '' was not found with 'sfml-graphics-s-d.lib(GLLoader.cpp.obj)' or at ''; linking object as if no debug info
sfml-graphics-s-d.lib(RenderTextureImplFBO.cpp.obj) : warning LNK4099: PDB '' was not found with 'sfml-graphics-s-d.lib(RenderTextureImplFBO.cpp.obj)' or at ''; linking object as if no debug info
sfml-graphics-s-d.lib(Image.cpp.obj) : warning LNK4099: PDB '' was not found with 'sfml-graphics-s-d.lib(Image.cpp.obj)' or at ''; linking object as if no debug info
sfml-graphics-s-d.lib(TextureSaver.cpp.obj) : warning LNK4099: PDB '' was not found with 'sfml-graphics-s-d.lib(TextureSaver.cpp.obj)' or at ''; linking object as if no debug info
sfml-graphics-s-d.lib(Glsl.cpp.obj) : warning LNK4099: PDB '' was not found with 'sfml-graphics-s-d.lib(Glsl.cpp.obj)' or at ''; linking object as if no debug info
sfml-graphics-s-d.lib(RenderTextureImpl.cpp.obj) : warning LNK4099: PDB '' was not found with 'sfml-graphics-s-d.lib(RenderTextureImpl.cpp.obj)' or at ''; linking object as if no debug info
sfml-graphics-s-d.lib(ImageLoader.cpp.obj) : warning LNK4099: PDB '' was not found with 'sfml-graphics-s-d.lib(ImageLoader.cpp.obj)' or at ''; linking object as if no debug info
sfml-window-s-d.lib(Mouse.cpp.obj) : warning LNK4099: PDB '' was not found with 'sfml-window-s-d.lib(Mouse.cpp.obj)' or at ''; linking object as if no debug info
sfml-window-s-d.lib(VideoMode.cpp.obj) : warning LNK4099: PDB '' was not found with 'sfml-window-s-d.lib(VideoMode.cpp.obj)' or at ''; linking object as if no debug info
sfml-window-s-d.lib(Window.cpp.obj) : warning LNK4099: PDB '' was not found with 'sfml-window-s-d.lib(Window.cpp.obj)' or at ''; linking object as if no debug info
sfml-window-s-d.lib(Keyboard.cpp.obj) : warning LNK4099: PDB '' was not found with 'sfml-window-s-d.lib(Keyboard.cpp.obj)' or at ''; linking object as if no debug info
sfml-window-s-d.lib(Context.cpp.obj) : warning LNK4099: PDB '' was not found with 'sfml-window-s-d.lib(Context.cpp.obj)' or at ''; linking object as if no debug info
sfml-window-s-d.lib(GlResource.cpp.obj) : warning LNK4099: PDB '' was not found with 'sfml-window-s-d.lib(GlResource.cpp.obj)' or at ''; linking object as if no debug info
sfml-window-s-d.lib(InputImpl.cpp.obj) : warning LNK4099: PDB '' was not found with 'sfml-window-s-d.lib(InputImpl.cpp.obj)' or at ''; linking object as if no debug info
sfml-window-s-d.lib(VideoModeImpl.cpp.obj) : warning LNK4099: PDB '' was not found with 'sfml-window-s-d.lib(VideoModeImpl.cpp.obj)' or at ''; linking object as if no debug info
sfml-window-s-d.lib(Cursor.cpp.obj) : warning LNK4099: PDB '' was not found with 'sfml-window-s-d.lib(Cursor.cpp.obj)' or at ''; linking object as if no debug info
sfml-window-s-d.lib(GlContext.cpp.obj) : warning LNK4099: PDB '' was not found with 'sfml-window-s-d.lib(GlContext.cpp.obj)' or at ''; linking object as if no debug info
sfml-window-s-d.lib(WindowImpl.cpp.obj) : warning LNK4099: PDB '' was not found with 'sfml-window-s-d.lib(WindowImpl.cpp.obj)' or at ''; linking object as if no debug info
sfml-window-s-d.lib(CursorImpl.cpp.obj) : warning LNK4099: PDB '' was not found with 'sfml-window-s-d.lib(CursorImpl.cpp.obj)' or at ''; linking object as if no debug info
sfml-window-s-d.lib(WglContext.cpp.obj) : warning LNK4099: PDB '' was not found with 'sfml-window-s-d.lib(WglContext.cpp.obj)' or at ''; linking object as if no debug info
sfml-window-s-d.lib(JoystickManager.cpp.obj) : warning LNK4099: PDB '' was not found with 'sfml-window-s-d.lib(JoystickManager.cpp.obj)' or at ''; linking object as if no debug info
sfml-window-s-d.lib(SensorManager.cpp.obj) : warning LNK4099: PDB '' was not found with 'sfml-window-s-d.lib(SensorManager.cpp.obj)' or at ''; linking object as if no debug info
sfml-window-s-d.lib(WindowImplWin32.cpp.obj) : warning LNK4099: PDB '' was not found with 'sfml-window-s-d.lib(WindowImplWin32.cpp.obj)' or at ''; linking object as if no debug info
sfml-window-s-d.lib(WglExtensions.cpp.obj) : warning LNK4099: PDB '' was not found with 'sfml-window-s-d.lib(WglExtensions.cpp.obj)' or at ''; linking object as if no debug info
sfml-window-s-d.lib(Joystick.cpp.obj) : warning LNK4099: PDB '' was not found with 'sfml-window-s-d.lib(Joystick.cpp.obj)' or at ''; linking object as if no debug info
sfml-window-s-d.lib(JoystickImpl.cpp.obj) : warning LNK4099: PDB '' was not found with 'sfml-window-s-d.lib(JoystickImpl.cpp.obj)' or at ''; linking object as if no debug info
sfml-window-s-d.lib(SensorImpl.cpp.obj) : warning LNK4099: PDB '' was not found with 'sfml-window-s-d.lib(SensorImpl.cpp.obj)' or at ''; linking object as if no debug info
sfml-system-s-d.lib(Time.cpp.obj) : warning LNK4099: PDB '' was not found with 'sfml-system-s-d.lib(Time.cpp.obj)' or at ''; linking object as if no debug info
sfml-system-s-d.lib(Sleep.cpp.obj) : warning LNK4099: PDB '' was not found with 'sfml-system-s-d.lib(Sleep.cpp.obj)' or at ''; linking object as if no debug info
sfml-system-s-d.lib(String.cpp.obj) : warning LNK4099: PDB '' was not found with 'sfml-system-s-d.lib(String.cpp.obj)' or at ''; linking object as if no debug info
sfml-system-s-d.lib(Mutex.cpp.obj) : warning LNK4099: PDB '' was not found with 'sfml-system-s-d.lib(Mutex.cpp.obj)' or at ''; linking object as if no debug info
sfml-system-s-d.lib(Lock.cpp.obj) : warning LNK4099: PDB '' was not found with 'sfml-system-s-d.lib(Lock.cpp.obj)' or at ''; linking object as if no debug info
sfml-system-s-d.lib(Err.cpp.obj) : warning LNK4099: PDB '' was not found with 'sfml-system-s-d.lib(Err.cpp.obj)' or at ''; linking object as if no debug info
sfml-system-s-d.lib(Clock.cpp.obj) : warning LNK4099: PDB '' was not found with 'sfml-system-s-d.lib(Clock.cpp.obj)' or at ''; linking object as if no debug info
sfml-system-s-d.lib(ThreadLocal.cpp.obj) : warning LNK4099: PDB '' was not found with 'sfml-system-s-d.lib(ThreadLocal.cpp.obj)' or at ''; linking object as if no debug info
sfml-system-s-d.lib(SleepImpl.cpp.obj) : warning LNK4099: PDB '' was not found with 'sfml-system-s-d.lib(SleepImpl.cpp.obj)' or at ''; linking object as if no debug info
sfml-system-s-d.lib(MutexImpl.cpp.obj) : warning LNK4099: PDB '' was not found with 'sfml-system-s-d.lib(MutexImpl.cpp.obj)' or at ''; linking object as if no debug info
sfml-system-s-d.lib(ClockImpl.cpp.obj) : warning LNK4099: PDB '' was not found with 'sfml-system-s-d.lib(ClockImpl.cpp.obj)' or at ''; linking object as if no debug info
sfml-system-s-d.lib(ThreadLocalImpl.cpp.obj) : warning LNK4099: PDB '' was not found with 'sfml-system-s-d.lib(ThreadLocalImpl.cpp.obj)' or at ''; linking object as if no debug info
  SetPlot.vcxproj -> C:\programs\c\particle life 2\x64\Debug\sfml base.exe
